<?xml version="1.0" encoding="UTF-8"?>
<!-- Generated by org.testng.reporters.JUnitXMLReporter -->
<testsuite ignored="2" hostname="DESKTOP-8RL1USP" failures="0" tests="1" name="Default test" time="27.16" errors="0" timestamp="2021-07-22T02:03:55 EDT">
  <testcase classname="com.rsa.qa.testCases.CoursesPageTest" name="verify_courses_on_clicking_AdminUser" time="4.866"/>
  <testcase classname="com.rsa.qa.testCases.CoursesPageTest" name="verify_search_for_postman_course" time="0.0">
    <ignored/>
  </testcase> <!-- verify_search_for_postman_course -->
  <testcase classname="com.rsa.qa.testCases.CoursesPageTest" name="verify_title_coursesPage" time="0.0">
    <ignored/>
  </testcase> <!-- verify_title_coursesPage -->
</testsuite> <!-- Default test -->
