<?xml version="1.0" encoding="UTF-8"?>
<testng-results ignored="2" total="3" passed="1" failed="0" skipped="0">
  <reporter-output>
  </reporter-output>
  <suite started-at="2021-07-22T02:03:28 EDT" name="Default suite" finished-at="2021-07-22T02:03:55 EDT" duration-ms="27160">
    <groups>
    </groups>
    <test started-at="2021-07-22T02:03:28 EDT" name="Default test" finished-at="2021-07-22T02:03:55 EDT" duration-ms="27160">
      <class name="com.rsa.qa.testCases.CoursesPageTest">
        <test-method is-config="true" signature="setup()[pri:0, instance:com.rsa.qa.testCases.CoursesPageTest@212b5695]" started-at="2021-07-22T02:03:28 EDT" name="setup" finished-at="2021-07-22T02:03:51 EDT" duration-ms="22184" status="PASS">
          <reporter-output>
          </reporter-output>
        </test-method> <!-- setup -->
        <test-method signature="verify_courses_on_clicking_AdminUser()[pri:0, instance:com.rsa.qa.testCases.CoursesPageTest@212b5695]" started-at="2021-07-22T02:03:51 EDT" name="verify_courses_on_clicking_AdminUser" finished-at="2021-07-22T02:03:55 EDT" duration-ms="4866" status="PASS">
          <reporter-output>
          </reporter-output>
        </test-method> <!-- verify_courses_on_clicking_AdminUser -->
        <test-method is-config="true" signature="tearDown()[pri:0, instance:com.rsa.qa.testCases.CoursesPageTest@212b5695]" started-at="2021-07-22T02:03:55 EDT" name="tearDown" finished-at="2021-07-22T02:03:55 EDT" duration-ms="74" status="PASS">
          <reporter-output>
          </reporter-output>
        </test-method> <!-- tearDown -->
      </class> <!-- com.rsa.qa.testCases.CoursesPageTest -->
    </test> <!-- Default test -->
  </suite> <!-- Default suite -->
</testng-results>
